16-May-2018 15:37:16.320 INFO [main] org.apache.catalina.core.ApplicationContext.log ContextListener: contextInitialized()
16-May-2018 15:37:16.320 INFO [main] org.apache.catalina.core.ApplicationContext.log SessionListener: contextInitialized()
16-May-2018 15:37:16.320 INFO [main] org.apache.catalina.core.ApplicationContext.log ContextListener: attributeAdded('StockTicker', 'async.Stockticker@3857f613')
16-May-2018 15:38:50.066 INFO [main] org.apache.catalina.core.ApplicationContext.log SessionListener: contextDestroyed()
16-May-2018 15:38:50.066 INFO [main] org.apache.catalina.core.ApplicationContext.log ContextListener: contextDestroyed()
16-May-2018 15:39:47.634 INFO [main] org.apache.catalina.core.ApplicationContext.log ContextListener: contextInitialized()
16-May-2018 15:39:47.638 INFO [main] org.apache.catalina.core.ApplicationContext.log SessionListener: contextInitialized()
16-May-2018 15:39:47.638 INFO [main] org.apache.catalina.core.ApplicationContext.log ContextListener: attributeAdded('StockTicker', 'async.Stockticker@198b6731')
16-May-2018 15:40:32.772 INFO [main] org.apache.catalina.core.ApplicationContext.log SessionListener: contextDestroyed()
16-May-2018 15:40:32.772 INFO [main] org.apache.catalina.core.ApplicationContext.log ContextListener: contextDestroyed()
16-May-2018 15:41:28.662 INFO [main] org.apache.catalina.core.ApplicationContext.log ContextListener: contextInitialized()
16-May-2018 15:41:28.662 INFO [main] org.apache.catalina.core.ApplicationContext.log SessionListener: contextInitialized()
16-May-2018 15:41:28.662 INFO [main] org.apache.catalina.core.ApplicationContext.log ContextListener: attributeAdded('StockTicker', 'async.Stockticker@198b6731')
16-May-2018 15:42:53.173 INFO [main] org.apache.catalina.core.ApplicationContext.log SessionListener: contextDestroyed()
16-May-2018 15:42:53.173 INFO [main] org.apache.catalina.core.ApplicationContext.log ContextListener: contextDestroyed()
16-May-2018 16:00:50.423 INFO [main] org.apache.catalina.core.ApplicationContext.log ContextListener: contextInitialized()
16-May-2018 16:00:50.423 INFO [main] org.apache.catalina.core.ApplicationContext.log SessionListener: contextInitialized()
16-May-2018 16:00:50.439 INFO [main] org.apache.catalina.core.ApplicationContext.log ContextListener: attributeAdded('StockTicker', 'async.Stockticker@614ca7df')
16-May-2018 16:06:53.472 INFO [main] org.apache.catalina.core.ApplicationContext.log SessionListener: contextDestroyed()
16-May-2018 16:06:53.472 INFO [main] org.apache.catalina.core.ApplicationContext.log ContextListener: contextDestroyed()
16-May-2018 16:07:58.116 INFO [main] org.apache.catalina.core.ApplicationContext.log ContextListener: contextInitialized()
16-May-2018 16:07:58.116 INFO [main] org.apache.catalina.core.ApplicationContext.log SessionListener: contextInitialized()
16-May-2018 16:07:58.131 INFO [main] org.apache.catalina.core.ApplicationContext.log ContextListener: attributeAdded('StockTicker', 'async.Stockticker@6cd28fa7')
16-May-2018 16:10:57.983 INFO [main] org.apache.catalina.core.ApplicationContext.log SessionListener: contextDestroyed()
16-May-2018 16:10:57.983 INFO [main] org.apache.catalina.core.ApplicationContext.log ContextListener: contextDestroyed()
16-May-2018 16:17:32.145 INFO [main] org.apache.catalina.core.ApplicationContext.log ContextListener: contextInitialized()
16-May-2018 16:17:32.145 INFO [main] org.apache.catalina.core.ApplicationContext.log SessionListener: contextInitialized()
16-May-2018 16:17:32.145 INFO [main] org.apache.catalina.core.ApplicationContext.log ContextListener: attributeAdded('StockTicker', 'async.Stockticker@614ca7df')
16-May-2018 16:21:25.050 INFO [main] org.apache.catalina.core.ApplicationContext.log SessionListener: contextDestroyed()
16-May-2018 16:21:25.050 INFO [main] org.apache.catalina.core.ApplicationContext.log ContextListener: contextDestroyed()
16-May-2018 16:22:01.410 INFO [main] org.apache.catalina.core.ApplicationContext.log ContextListener: contextInitialized()
16-May-2018 16:22:01.410 INFO [main] org.apache.catalina.core.ApplicationContext.log SessionListener: contextInitialized()
16-May-2018 16:22:01.410 INFO [main] org.apache.catalina.core.ApplicationContext.log ContextListener: attributeAdded('StockTicker', 'async.Stockticker@618425b5')
16-May-2018 16:29:33.799 INFO [main] org.apache.catalina.core.ApplicationContext.log SessionListener: contextDestroyed()
16-May-2018 16:29:33.799 INFO [main] org.apache.catalina.core.ApplicationContext.log ContextListener: contextDestroyed()
16-May-2018 16:41:48.066 INFO [main] org.apache.catalina.core.ApplicationContext.log ContextListener: contextInitialized()
16-May-2018 16:41:48.066 INFO [main] org.apache.catalina.core.ApplicationContext.log SessionListener: contextInitialized()
16-May-2018 16:41:48.066 INFO [main] org.apache.catalina.core.ApplicationContext.log ContextListener: attributeAdded('StockTicker', 'async.Stockticker@682c1e93')
16-May-2018 16:44:55.984 INFO [main] org.apache.catalina.core.ApplicationContext.log SessionListener: contextDestroyed()
16-May-2018 16:44:55.984 INFO [main] org.apache.catalina.core.ApplicationContext.log ContextListener: contextDestroyed()
